<?xml version="1.0" encoding="UTF-8"?>
<!-- Generated by org.testng.reporters.JUnitXMLReporter -->
<testsuite ignored="0" hostname="SunilSReddy" failures="1" tests="6" name="SeleniumTests" time="0.168" errors="0" timestamp="2025-09-02T00:47:38 IST">
  <testcase classname="retryAnalyzer.myTest" name="Test1" time="0.026"/>
  <testcase classname="retryAnalyzer.myTest" name="Test2" time="0.005"/>
  <testcase classname="retryAnalyzer.myTest" name="Test3" time="0.01">
    <skipped/>
  </testcase> <!-- Test3 -->
  <testcase classname="retryAnalyzer.myTest" name="Test3" time="0.005">
    <skipped/>
  </testcase> <!-- Test3 -->
  <testcase classname="retryAnalyzer.myTest" name="Test3" time="0.008">
    <skipped/>
  </testcase> <!-- Test3 -->
  <testcase classname="retryAnalyzer.myTest" name="Test3" time="0.004">
    <failure type="java.lang.AssertionError" message="expected [true] but found [false]">
      <![CDATA[java.lang.AssertionError: expected [true] but found [false]
at retryAnalyzer.myTest.Test3(myTest.java:23)
at java.base/java.util.ArrayList.forEach(ArrayList.java:1596)
... Removed 32 stack frames]]>
    </failure>
  </testcase> <!-- Test3 -->
</testsuite> <!-- SeleniumTests -->
